info: i click on [object Object]
info: i enter some value in [object Object] field
info: i click on first suggested video
info: i click on [object Object] 
info: i click on [object Object] country
info: i click on [object Object]
info: i click on [object Object]
info: i click on [object Object]
info: i enter some value in keyword field
info: i click on first suggested video
info: i click on choseLocation field 
info: i click on Canada country
info: i click on allCitiesCanada section
info: i click on find Button
info: i click on [object Object]
info: i enter some value in keyword field
info: i click on [object Object]
info: i enter some value in keyword field
info: i click on [object Object]
info: i enter some value in keyword field
info: i click on [object Object]
info: i enter some value in keyword field
info: i click on [object Object]
info: i enter some value in keyword field
info: i click on [object Object]
info: i enter some value in keyword field
info: i click on [object Object]
info: i enter some value in keyword field
info: i click on [object Object]
info: i enter some value in keyword field
info: i click on [object Object]
info: i enter some value in keyword field
info: i click on [object Object]
info: i enter some value in keyword field
info: i click on [object Object]
info: i enter some value in keyword field
info: i click on [object Object]
info: i enter some value in keyword field
info: i click on [object Object]
info: i enter some value in keyword field
info: i click on [object Object]
info: i enter some value in keyword field
info: i click on [object Object]
info: i enter some value in keyword field
info: i click on [object Object]
info: i enter some value in keyword field
info: i click on [object Object]
info: i enter some value in keyword field
info: i click on [object Object]
info: i enter some value in keyword field
info: i click on [object Object]
info: i enter some value in keyword field
info: i click on [object Object]
info: i enter some value in keyword field
info: i click on [object Object]
info: i enter some value in keyword field
info: i click on [object Object]
info: i enter some value in keyword field
info: i click on [object Object]
info: i enter some value in keyword field
info: i click on [object Object]
info: i enter some value in keyword field
info: i click on [object Object]
info: i enter some value in keyword field
info: i click on first suggested video
info: i click on choseLocation field 
info: i click on Canada country
info: i click on allCitiesCanada section
info: i click on find Button
info: i click on [object Object]
info: i enter some value in keyword field
info: i click on first suggested video
info: i click on choseLocation field 
info: i click on Canada country
info: i click on allCitiesCanada section
info: i click on find Button
